<?xml version="1.0" encoding="UTF-8"?>
<testsuite xmlns:xsi="http://www.w3.org/2001/XMLSchema-instance" xsi:noNamespaceSchemaLocation="https://maven.apache.org/surefire/maven-surefire-plugin/xsd/surefire-test-report.xsd" name="dk.sdu.mmmi.cbse.player.PlayerSystemTest" time="0.095" tests="3" errors="0" skipped="0" failures="0">
  <properties>
    <property name="sun.desktop" value="windows"/>
    <property name="awt.toolkit" value="sun.awt.windows.WToolkit"/>
    <property name="file.encoding.pkg" value="sun.io"/>
    <property name="java.specification.version" value="1.8"/>
    <property name="sun.cpu.isalist" value="amd64"/>
    <property name="sun.jnu.encoding" value="Cp1252"/>
    <property name="java.class.path" value="C:\Users\rasmu\Documents\GitHub\SB4-KOM-F18-master\Uge 18\AsteroidsNetbeansModules\Player\target\test-classes;C:\Users\rasmu\Documents\GitHub\SB4-KOM-F18-master\Uge 18\AsteroidsNetbeansModules\Player\target\classes;C:\Users\rasmu\.m2\repository\org\netbeans\api\org-netbeans-api-annotations-common\RELEASE82\org-netbeans-api-annotations-common-RELEASE82.jar;C:\Users\rasmu\.m2\repository\dk\sdu\mmmi\cbse\Common\1.0-SNAPSHOT\Common-1.0-SNAPSHOT.jar;C:\Users\rasmu\.m2\repository\org\netbeans\api\org-openide-modules\RELEASE82\org-openide-modules-RELEASE82.jar;C:\Users\rasmu\.m2\repository\org\netbeans\api\org-openide-util-ui\RELEASE81\org-openide-util-ui-RELEASE81.jar;C:\Users\rasmu\.m2\repository\org\netbeans\api\org-openide-util\RELEASE81\org-openide-util-RELEASE81.jar;C:\Users\rasmu\.m2\repository\org\netbeans\api\org-openide-util-lookup\RELEASE81\org-openide-util-lookup-RELEASE81.jar;C:\Users\rasmu\Documents\GitHub\SB4-KOM-F18-master\Uge 18\AsteroidsNetbeansModules\Bullet\target\classes;C:\Users\rasmu\.m2\repository\junit\junit\4.12\junit-4.12.jar;C:\Users\rasmu\.m2\repository\org\hamcrest\hamcrest-core\1.3\hamcrest-core-1.3.jar;"/>
    <property name="java.vm.vendor" value="Oracle Corporation"/>
    <property name="sun.arch.data.model" value="64"/>
    <property name="user.variant" value=""/>
    <property name="java.vendor.url" value="http://java.oracle.com/"/>
    <property name="user.timezone" value=""/>
    <property name="user.country.format" value="DK"/>
    <property name="java.vm.specification.version" value="1.8"/>
    <property name="os.name" value="Windows 10"/>
    <property name="sun.java.launcher" value="SUN_STANDARD"/>
    <property name="user.country" value="GB"/>
    <property name="sun.boot.library.path" value="C:\Program Files\Java\jdk1.8.0_161\jre\bin"/>
    <property name="sun.java.command" value="C:\Users\rasmu\AppData\Local\Temp\surefire4458235876845970295\surefirebooter2993544881472785902.jar C:\Users\rasmu\AppData\Local\Temp\surefire4458235876845970295 2018-05-03T10-34-56_306-jvmRun1 surefire3951438585428818804tmp surefire_02084828699999533586tmp"/>
    <property name="test" value="dk.sdu.mmmi.cbse.player.PlayerSystemTest"/>
    <property name="surefire.test.class.path" value="C:\Users\rasmu\Documents\GitHub\SB4-KOM-F18-master\Uge 18\AsteroidsNetbeansModules\Player\target\test-classes;C:\Users\rasmu\Documents\GitHub\SB4-KOM-F18-master\Uge 18\AsteroidsNetbeansModules\Player\target\classes;C:\Users\rasmu\.m2\repository\org\netbeans\api\org-netbeans-api-annotations-common\RELEASE82\org-netbeans-api-annotations-common-RELEASE82.jar;C:\Users\rasmu\.m2\repository\dk\sdu\mmmi\cbse\Common\1.0-SNAPSHOT\Common-1.0-SNAPSHOT.jar;C:\Users\rasmu\.m2\repository\org\netbeans\api\org-openide-modules\RELEASE82\org-openide-modules-RELEASE82.jar;C:\Users\rasmu\.m2\repository\org\netbeans\api\org-openide-util-ui\RELEASE81\org-openide-util-ui-RELEASE81.jar;C:\Users\rasmu\.m2\repository\org\netbeans\api\org-openide-util\RELEASE81\org-openide-util-RELEASE81.jar;C:\Users\rasmu\.m2\repository\org\netbeans\api\org-openide-util-lookup\RELEASE81\org-openide-util-lookup-RELEASE81.jar;C:\Users\rasmu\Documents\GitHub\SB4-KOM-F18-master\Uge 18\AsteroidsNetbeansModules\Bullet\target\classes;C:\Users\rasmu\.m2\repository\junit\junit\4.12\junit-4.12.jar;C:\Users\rasmu\.m2\repository\org\hamcrest\hamcrest-core\1.3\hamcrest-core-1.3.jar;"/>
    <property name="sun.cpu.endian" value="little"/>
    <property name="user.home" value="C:\Users\rasmu"/>
    <property name="user.language" value="en"/>
    <property name="java.specification.vendor" value="Oracle Corporation"/>
    <property name="java.home" value="C:\Program Files\Java\jdk1.8.0_161\jre"/>
    <property name="basedir" value="C:\Users\rasmu\Documents\GitHub\SB4-KOM-F18-master\Uge 18\AsteroidsNetbeansModules\Player"/>
    <property name="file.separator" value="\"/>
    <property name="line.separator" value="&#10;"/>
    <property name="java.vm.specification.vendor" value="Oracle Corporation"/>
    <property name="java.specification.name" value="Java Platform API Specification"/>
    <property name="java.awt.graphicsenv" value="sun.awt.Win32GraphicsEnvironment"/>
    <property name="surefire.real.class.path" value="C:\Users\rasmu\AppData\Local\Temp\surefire4458235876845970295\surefirebooter2993544881472785902.jar"/>
    <property name="sun.boot.class.path" value="C:\Program Files\Java\jdk1.8.0_161\jre\lib\resources.jar;C:\Program Files\Java\jdk1.8.0_161\jre\lib\rt.jar;C:\Program Files\Java\jdk1.8.0_161\jre\lib\sunrsasign.jar;C:\Program Files\Java\jdk1.8.0_161\jre\lib\jsse.jar;C:\Program Files\Java\jdk1.8.0_161\jre\lib\jce.jar;C:\Program Files\Java\jdk1.8.0_161\jre\lib\charsets.jar;C:\Program Files\Java\jdk1.8.0_161\jre\lib\jfr.jar;C:\Program Files\Java\jdk1.8.0_161\jre\classes"/>
    <property name="user.script" value=""/>
    <property name="sun.management.compiler" value="HotSpot 64-Bit Tiered Compilers"/>
    <property name="java.runtime.version" value="1.8.0_161-b12"/>
    <property name="user.name" value="rasmu"/>
    <property name="path.separator" value=";"/>
    <property name="os.version" value="10.0"/>
    <property name="java.endorsed.dirs" value="C:\Program Files\Java\jdk1.8.0_161\jre\lib\endorsed"/>
    <property name="java.runtime.name" value="Java(TM) SE Runtime Environment"/>
    <property name="file.encoding" value="UTF-8"/>
    <property name="java.vm.name" value="Java HotSpot(TM) 64-Bit Server VM"/>
    <property name="maven.ext.class.path" value="C:\Program Files\NetBeans 8.2\java\maven-nblib\netbeans-eventspy.jar;C:\Program Files\NetBeans 8.2\java\maven-nblib\netbeans-cos.jar"/>
    <property name="localRepository" value="C:\Users\rasmu\.m2\repository"/>
    <property name="java.vendor.url.bug" value="http://bugreport.sun.com/bugreport/"/>
    <property name="java.io.tmpdir" value="C:\Users\rasmu\AppData\Local\Temp\"/>
    <property name="java.version" value="1.8.0_161"/>
    <property name="user.dir" value="C:\Users\rasmu\Documents\GitHub\SB4-KOM-F18-master\Uge 18\AsteroidsNetbeansModules\Player"/>
    <property name="os.arch" value="amd64"/>
    <property name="java.vm.specification.name" value="Java Virtual Machine Specification"/>
    <property name="java.awt.printerjob" value="sun.awt.windows.WPrinterJob"/>
    <property name="sun.os.patch.level" value=""/>
    <property name="java.library.path" value="C:\Program Files\Java\jdk1.8.0_161\jre\bin;C:\WINDOWS\Sun\Java\bin;C:\WINDOWS\system32;C:\WINDOWS;C:\Program Files (x86)\Common Files\Oracle\Java\javapath;C:\ProgramData\Oracle\Java\javapath;C:\Program Files (x86)\Intel\iCLS Client\;C:\Program Files\Intel\iCLS Client\;C:\WINDOWS\system32;C:\WINDOWS;C:\WINDOWS\System32\Wbem;C:\WINDOWS\System32\WindowsPowerShell\v1.0\;C:\Program Files (x86)\Intel\Intel(R) Management Engine Components\DAL;C:\Program Files\Intel\Intel(R) Management Engine Components\DAL;C:\Program Files (x86)\Intel\Intel(R) Management Engine Components\IPT;C:\Program Files\Intel\Intel(R) Management Engine Components\IPT;C:\Users\rasmu\AppData\Local\Programs\Python\Python36-32\Scripts\;C:\Users\rasmu\AppData\Local\Programs\Python\Python36-32\;C:\Users\rasmu\AppData\Local\Microsoft\WindowsApps;C:\Users\rasmu\AppData\Local\GitHubDesktop\bin;."/>
    <property name="java.vm.info" value="mixed mode"/>
    <property name="java.vendor" value="Oracle Corporation"/>
    <property name="java.vm.version" value="25.161-b12"/>
    <property name="java.ext.dirs" value="C:\Program Files\Java\jdk1.8.0_161\jre\lib\ext;C:\WINDOWS\Sun\Java\lib\ext"/>
    <property name="sun.io.unicode.encoding" value="UnicodeLittle"/>
    <property name="java.class.version" value="52.0"/>
  </properties>
  <testcase name="testStart" classname="dk.sdu.mmmi.cbse.player.PlayerSystemTest" time="0.019"/>
  <testcase name="testStop" classname="dk.sdu.mmmi.cbse.player.PlayerSystemTest" time="0"/>
  <testcase name="testProcess" classname="dk.sdu.mmmi.cbse.player.PlayerSystemTest" time="0"/>
</testsuite>